<?xml version="1.0" encoding="UTF-8"?>
<!-- Generated by org.testng.reporters.JUnitReportReporter -->
<testsuite hostname="11154-LAP-0563" failures="0" tests="1" name="tests.LoginTest" time="9.240" errors="0" timestamp="2024-04-26T14:52:50 IST" skipped="0">
  <testcase classname="tests.LoginTest" name="login" time="9.240"/>
  <system-out/>
</testsuite> <!-- tests.LoginTest -->
