<?xml version="1.0" encoding="UTF-8"?>
<!-- Generated by org.testng.reporters.JUnitReportReporter -->
<testsuite hostname="11154-LAP-0563" failures="0" tests="1" name="tests.HomePageTests" time="18.255" errors="0" timestamp="2024-04-26T18:08:23 IST" skipped="0">
  <testcase classname="tests.HomePageTests" name="clickTopMenuTests" time="18.255"/>
  <system-out/>
</testsuite> <!-- tests.HomePageTests -->
